This is pdfTeX, Version 3.141592653-2.6-1.40.26 (MiKTeX 24.3) (preloaded format=pdflatex 2024.3.15)  25 APR 2024 07:56
entering extended mode
 restricted \write18 enabled.
 %&-line parsing enabled.
**./content.tex
(content.tex
LaTeX2e <2023-11-01>
L3 programming layer <2023-08-11>
(svmult.cls
Document Class: svmult 2024/03/15 v5.11 
Springer Verlag global LaTeX document class for multi authored books
Class Springer-SVMult Info: extra/valid Springer sub-package 
(Springer-SVMult)           not found in option list - using "global" style.
(/home/vincent/.miktex/texmfs/install/tex/latex/base/article.cls
Document Class: article 2023/05/17 v1.4n Standard LaTeX document class
(/home/vincent/.miktex/texmfs/install/tex/latex/base/size10.clo
File: size10.clo 2023/05/17 v1.4n Standard LaTeX file (size option)
)
\c@part=\count185
\c@section=\count186
\c@subsection=\count187
\c@subsubsection=\count188
\c@paragraph=\count189
\c@subparagraph=\count190
\c@figure=\count191
\c@table=\count192
\abovecaptionskip=\skip48
\belowcaptionskip=\skip49
\bibindent=\dimen140
)
\svparindent=\dimen141
\bibindent=\dimen142
\betweenumberspace=\dimen143
\headlineindent=\dimen144
\minitoc=\write3
\c@minitocdepth=\count193
\c@chapter=\count194
\mottowidth=\dimen145
\svitemindent=\dimen146
\verbatimindent=\dimen147
LaTeX Font Info:    Redeclaring math symbol \Gamma on input line 975.
LaTeX Font Info:    Redeclaring math symbol \Delta on input line 976.
LaTeX Font Info:    Redeclaring math symbol \Theta on input line 977.
LaTeX Font Info:    Redeclaring math symbol \Lambda on input line 978.
LaTeX Font Info:    Redeclaring math symbol \Xi on input line 979.
LaTeX Font Info:    Redeclaring math symbol \Pi on input line 980.
LaTeX Font Info:    Redeclaring math symbol \Sigma on input line 981.
LaTeX Font Info:    Redeclaring math symbol \Upsilon on input line 982.
LaTeX Font Info:    Redeclaring math symbol \Phi on input line 983.
LaTeX Font Info:    Redeclaring math symbol \Psi on input line 984.
LaTeX Font Info:    Redeclaring math symbol \Omega on input line 985.
\tocchpnum=\dimen148
\tocsecnum=\dimen149
\tocsectotal=\dimen150
\tocsubsecnum=\dimen151
\tocsubsectotal=\dimen152
\tocsubsubsecnum=\dimen153
\tocsubsubsectotal=\dimen154
\tocparanum=\dimen155
\tocparatotal=\dimen156
\tocsubparanum=\dimen157
\foot@parindent=\dimen158
\c@theorem=\count195
\c@case=\count196
\c@conjecture=\count197
\c@corollary=\count198
\c@definition=\count199
\c@example=\count266
\c@exercise=\count267
\c@lemma=\count268
\c@note=\count269
\c@problem=\count270
\c@property=\count271
\c@proposition=\count272
\c@question=\count273
\c@solution=\count274
\c@remark=\count275
\c@prob=\count276
\instindent=\dimen159
\figgap=\dimen160
\bildb@x=\box51
\figcapgap=\dimen161
\tabcapgap=\dimen162
\c@merk=\count277
\c@@inst=\count278
\c@@auth=\count279
\c@auco=\count280
\instindent=\dimen163
\authrun=\box52
\authorrunning=\toks17
\tocauthor=\toks18
\titrun=\box53
\titlerunning=\toks19
\toctitle=\toks20
\c@contribution=\count281
LaTeX Info: Redefining \abstract on input line 2385.

(/home/vincent/.miktex/texmfs/install/tex/latex/xcolor/xcolor.sty
Package: xcolor 2023/11/15 v3.01 LaTeX color extensions (UK)

(/home/vincent/.miktex/texmfs/install/tex/latex/graphics-cfg/color.cfg
File: color.cfg 2016/01/02 v1.6 sample color configuration
)
Package xcolor Info: Driver file: pdftex.def on input line 274.

(/home/vincent/.miktex/texmfs/install/tex/latex/graphics-def/pdftex.def
File: pdftex.def 2022/09/22 v1.2b Graphics/color driver for pdftex
)
(/home/vincent/.miktex/texmfs/install/tex/latex/graphics/mathcolor.ltx)
Package xcolor Info: Model `cmy' substituted by `cmy0' on input line 1350.
Package xcolor Info: Model `hsb' substituted by `rgb' on input line 1354.
Package xcolor Info: Model `RGB' extended on input line 1366.
Package xcolor Info: Model `HTML' substituted by `rgb' on input line 1368.
Package xcolor Info: Model `Hsb' substituted by `hsb' on input line 1369.
Package xcolor Info: Model `tHsb' substituted by `hsb' on input line 1370.
Package xcolor Info: Model `HSB' substituted by `hsb' on input line 1371.
Package xcolor Info: Model `Gray' substituted by `gray' on input line 1372.
Package xcolor Info: Model `wave' substituted by `hsb' on input line 1373.
)
(/home/vincent/.miktex/texmfs/install/tex/latex/xcolor/x11nam.def
File: x11nam.def 2023/11/15 v3.01 Predefined colors according to Unix/X11 (UK)
)
(/home/vincent/.miktex/texmfs/install/tex/latex/amscls/amsthm.sty
Package: amsthm 2020/05/29 v2.20.6
\thm@style=\toks21
\thm@bodyfont=\toks22
\thm@headfont=\toks23
\thm@notefont=\toks24
\thm@headpunct=\toks25
\thm@preskip=\skip50
\thm@postskip=\skip51
\thm@headsep=\skip52
\dth@everypar=\toks26
LaTeX Info: Redefining \qed on input line 273.
))
(/home/vincent/.miktex/texmfs/install/tex/latex/framed/framed.sty
Package: framed 2011/10/22 v 0.96: framed or shaded text with page breaks
\OuterFrameSep=\skip53
\fb@frw=\dimen164
\fb@frh=\dimen165
\FrameRule=\dimen166
\FrameSep=\dimen167
)
(/home/vincent/.miktex/texmfs/install/tex/latex/graphics/graphicx.sty
Package: graphicx 2021/09/16 v1.2d Enhanced LaTeX Graphics (DPC,SPQR)

(/home/vincent/.miktex/texmfs/install/tex/latex/graphics/keyval.sty
Package: keyval 2022/05/29 v1.15 key=value parser (DPC)
\KV@toks@=\toks27
)
(/home/vincent/.miktex/texmfs/install/tex/latex/graphics/graphics.sty
Package: graphics 2022/03/10 v1.4e Standard LaTeX Graphics (DPC,SPQR)

(/home/vincent/.miktex/texmfs/install/tex/latex/graphics/trig.sty
Package: trig 2021/08/11 v1.11 sin cos tan (DPC)
)
(/home/vincent/.miktex/texmfs/install/tex/latex/graphics-cfg/graphics.cfg
File: graphics.cfg 2016/06/04 v1.11 sample graphics configuration
)
Package graphics Info: Driver file: pdftex.def on input line 107.
)
\Gin@req@height=\dimen168
\Gin@req@width=\dimen169
)
(/home/vincent/.miktex/texmfs/install/tex/latex/tools/multicol.sty
Package: multicol 2023/03/30 v1.9f multicolumn formatting (FMi)
\c@tracingmulticols=\count282
\mult@box=\box54
\multicol@leftmargin=\dimen170
\c@unbalance=\count283
\c@collectmore=\count284
\doublecol@number=\count285
\multicoltolerance=\count286
\multicolpretolerance=\count287
\full@width=\dimen171
\page@free=\dimen172
\premulticols=\dimen173
\postmulticols=\dimen174
\multicolsep=\skip54
\multicolbaselineskip=\skip55
\partial@page=\box55
\last@line=\box56
\mc@boxedresult=\box57
\maxbalancingoverflow=\dimen175
\mult@rightbox=\box58
\mult@grightbox=\box59
\mult@firstbox=\box60
\mult@gfirstbox=\box61
\@tempa=\box62
\@tempa=\box63
\@tempa=\box64
\@tempa=\box65
\@tempa=\box66
\@tempa=\box67
\@tempa=\box68
\@tempa=\box69
\@tempa=\box70
\@tempa=\box71
\@tempa=\box72
\@tempa=\box73
\@tempa=\box74
\@tempa=\box75
\@tempa=\box76
\@tempa=\box77
\@tempa=\box78
\@tempa=\box79
\@tempa=\box80
\@tempa=\box81
\@tempa=\box82
\@tempa=\box83
\@tempa=\box84
\@tempa=\box85
\@tempa=\box86
\@tempa=\box87
\@tempa=\box88
\@tempa=\box89
\@tempa=\box90
\@tempa=\box91
\@tempa=\box92
\@tempa=\box93
\@tempa=\box94
\@tempa=\box95
\@tempa=\box96
\@tempa=\box97
\c@minrows=\count288
\c@columnbadness=\count289
\c@finalcolumnbadness=\count290
\last@try=\dimen176
\multicolovershoot=\dimen177
\multicolundershoot=\dimen178
\mult@nat@firstbox=\box98
\colbreak@box=\box99
\mc@col@check@num=\count291
)
(/home/vincent/.miktex/texmfs/install/tex/latex/footmisc/footmisc.sty
Package: footmisc 2023/07/05 v6.0f a miscellany of footnote facilities
\FN@temptoken=\toks28
\footnotemargin=\dimen179
\@outputbox@depth=\dimen180
Package footmisc Info: Declaring symbol style bringhurst on input line 696.
Package footmisc Info: Declaring symbol style chicago on input line 704.
Package footmisc Info: Declaring symbol style wiley on input line 713.
Package footmisc Info: Declaring symbol style lamport-robust on input line 724.

Package footmisc Info: Declaring symbol style lamport* on input line 744.
Package footmisc Info: Declaring symbol style lamport*-robust on input line 765
.
)
(/home/vincent/.miktex/texmfs/install/tex/latex/newtx/newtxtext.sty
Package: newtxtext 2024/04/01 v1.744(Michael Sharpe) latex and unicode latex su
pport for TeXGyreTermesX

`newtxtext' v1.744, 2024/04/01 Text macros taking advantage of TeXGyre Termes a
nd its extensions (msharpe)
(/home/vincent/.miktex/texmfs/install/tex/latex/xpatch/xpatch.sty
(/home/vincent/.miktex/texmfs/install/tex/latex/l3kernel/expl3.sty
Package: expl3 2023-08-11 L3 programming layer (loader) 

(/home/vincent/.miktex/texmfs/install/tex/latex/l3backend/l3backend-pdftex.def
File: l3backend-pdftex.def 2023-04-19 L3 backend support: PDF output (pdfTeX)
\l__color_backend_stack_int=\count292
\l__pdf_internal_box=\box100
))
Package: xpatch 2020/03/25 v0.3a Extending etoolbox patching commands
 (/home/vincent/.miktex/texmfs/install/tex/latex/l3packages/xparse/xparse.sty
Package: xparse 2024-03-14 L3 Experimental document command parser

! Undefined control sequence.
l.98 \cs_new_protected:Npe
                           \__cmd_normalize_type_g:w
? q
OK, entering \batchmode...
! Undefined control sequence.
l.98 ...ew_protected:Npe \__cmd_normalize_type_g:w
                                                  
The control sequence at the end of the top line
of your error message was never \def'ed. If you have
misspelled it (e.g., `\hobx'), type `I' and the correct
spelling (e.g., `I\hbox'). Otherwise just continue,
and I'll forget about whatever was undefined.


! LaTeX Error: Missing \begin{document}.

See the LaTeX manual or LaTeX Companion for explanation.
Type  H <return>  for immediate help.
 ...                                              
                                                  
l.99 ...malize_type_G:w { \exp_not:V \c_novalue_tl
                                                   } }
You're in trouble here.  Try typing  <return>  to proceed.
If that doesn't work, type  X <return>  to quit.

)
(/home/vincent/.miktex/texmfs/install/tex/latex/etoolbox/etoolbox.sty
Package: etoolbox 2020/10/05 v2.5k e-TeX tools for LaTeX (JAW)
\etb@tempcnta=\count293
))
(/home/vincent/.miktex/texmfs/install/tex/generic/iftex/iftex.sty
Package: iftex 2022/02/03 v1.0f TeX engine tests
)
(/home/vincent/.miktex/texmfs/install/tex/latex/xkeyval/xkeyval.sty
Package: xkeyval 2022/06/16 v2.9 package option processing (HA)

(/home/vincent/.miktex/texmfs/install/tex/generic/xkeyval/xkeyval.tex
(/home/vincent/.miktex/texmfs/install/tex/generic/xkeyval/xkvutils.tex
\XKV@toks=\toks29
\XKV@tempa@toks=\toks30
)
\XKV@depth=\count294
File: xkeyval.tex 2014/12/03 v2.7a key=value parser (HA)
))
(/home/vincent/.miktex/texmfs/install/tex/latex/base/textcomp.sty
Package: textcomp 2020/02/02 v2.0n Standard LaTeX package
)
(/home/vincent/.miktex/texmfs/install/tex/latex/xstring/xstring.sty
(/home/vincent/.miktex/texmfs/install/tex/generic/xstring/xstring.tex
\xs_counta=\count295
\xs_countb=\count296
)
Package: xstring 2023/08/22 v1.86 String manipulations (CT)
)
(/home/vincent/.miktex/texmfs/install/tex/latex/base/ifthen.sty
Package: ifthen 2022/04/13 v1.1d Standard LaTeX ifthen package (DPC)
)
(/home/vincent/.miktex/texmfs/install/tex/latex/carlisle/scalefnt.sty)
LaTeX Font Info:    Setting ntxLF sub-encoding to TS1/0 on input line 24.
LaTeX Font Info:    Setting ntxTLF sub-encoding to TS1/0 on input line 24.
LaTeX Font Info:    Setting ntxOsF sub-encoding to TS1/0 on input line 24.
LaTeX Font Info:    Setting ntxTOsF sub-encoding to TS1/0 on input line 24.

(/home/vincent/.miktex/texmfs/install/tex/generic/binhex/binhex.tex)
\ntx@tmpcnta=\count297
\ntx@cnt=\count298

(/home/vincent/.miktex/texmfs/install/tex/latex/fontaxes/fontaxes.sty
Package: fontaxes 2020/07/21 v1.0e Font selection axes
LaTeX Info: Redefining \upshape on input line 29.
LaTeX Info: Redefining \itshape on input line 31.
LaTeX Info: Redefining \slshape on input line 33.
LaTeX Info: Redefining \swshape on input line 35.
LaTeX Info: Redefining \scshape on input line 37.
LaTeX Info: Redefining \sscshape on input line 39.
LaTeX Info: Redefining \ulcshape on input line 41.
LaTeX Info: Redefining \textsw on input line 47.
LaTeX Info: Redefining \textssc on input line 48.
LaTeX Info: Redefining \textulc on input line 49.
)
\tx@sixem=\dimen181
\tx@y=\dimen182
\tx@x=\dimen183
\tx@tmpdima=\dimen184
\tx@tmpdimb=\dimen185
\tx@tmpdimc=\dimen186
\tx@tmpdimd=\dimen187
\tx@tmpdime=\dimen188
\tx@tmpdimf=\dimen189
\tx@dimA=\dimen190
\tx@dimAA=\dimen191
\tx@dimB=\dimen192
\tx@dimBB=\dimen193
\tx@dimC=\dimen194
LaTeX Info: Redefining \oldstylenums on input line 902.
)
(/home/vincent/.miktex/texmfs/install/tex/latex/newtx/newtxmath.sty
Package: newtxmath 2024/03/06 v1.742

`newtxmath' v1.742, 2024/03/06 Math macros based originally on txfonts (msharpe
)
(/home/vincent/.miktex/texmfs/install/tex/latex/amsmath/amsmath.sty
Package: amsmath 2023/05/13 v2.17o AMS math features
\@mathmargin=\skip56
For additional information on amsmath, use the `?' option.

(/home/vincent/.miktex/texmfs/install/tex/latex/amsmath/amstext.sty
Package: amstext 2021/08/26 v2.01 AMS text

(/home/vincent/.miktex/texmfs/install/tex/latex/amsmath/amsgen.sty
File: amsgen.sty 1999/11/30 v2.0 generic functions
\@emptytoks=\toks31
\ex@=\dimen195
))
(/home/vincent/.miktex/texmfs/install/tex/latex/amsmath/amsbsy.sty
Package: amsbsy 1999/11/29 v1.2d Bold Symbols
\pmbraise@=\dimen196
)
(/home/vincent/.miktex/texmfs/install/tex/latex/amsmath/amsopn.sty
Package: amsopn 2022/04/08 v2.04 operator names
)
\inf@bad=\count299
LaTeX Info: Redefining \frac on input line 234.
\uproot@=\count300
\leftroot@=\count301
LaTeX Info: Redefining \overline on input line 399.
LaTeX Info: Redefining \colon on input line 410.
\classnum@=\count302
\DOTSCASE@=\count303
LaTeX Info: Redefining \ldots on input line 496.
LaTeX Info: Redefining \dots on input line 499.
LaTeX Info: Redefining \cdots on input line 620.
\Mathstrutbox@=\box101
\strutbox@=\box102
LaTeX Info: Redefining \big on input line 722.
LaTeX Info: Redefining \Big on input line 723.
LaTeX Info: Redefining \bigg on input line 724.
LaTeX Info: Redefining \Bigg on input line 725.
\big@size=\dimen197
LaTeX Font Info:    Redeclaring font encoding OML on input line 743.
LaTeX Font Info:    Redeclaring font encoding OMS on input line 744.
\macc@depth=\count304
LaTeX Info: Redefining \bmod on input line 905.
LaTeX Info: Redefining \pmod on input line 910.
LaTeX Info: Redefining \smash on input line 940.
LaTeX Info: Redefining \relbar on input line 970.
LaTeX Info: Redefining \Relbar on input line 971.
\c@MaxMatrixCols=\count305
\dotsspace@=\muskip16
\c@parentequation=\count306
\dspbrk@lvl=\count307
\tag@help=\toks32
\row@=\count308
\column@=\count309
\maxfields@=\count310
\andhelp@=\toks33
\eqnshift@=\dimen198
\alignsep@=\dimen199
\tagshift@=\dimen256
\tagwidth@=\dimen257
\totwidth@=\dimen258
\lineht@=\dimen259
\@envbody=\toks34
\multlinegap=\skip57
\multlinetaggap=\skip58
\mathdisplay@stack=\toks35
LaTeX Info: Redefining \[ on input line 2953.
LaTeX Info: Redefining \] on input line 2954.
)
(/home/vincent/.miktex/texmfs/install/tex/latex/oberdiek/centernot.sty
Package: centernot 2016/05/16 v1.4 Centers the not symbol horizontally (HO)
)
\tx@cntz=\count311

(/home/vincent/.miktex/texmfs/install/tex/generic/binhex/binhex.tex)
\tx@Isdigit=\count312
\tx@IsAlNum=\count313
\tx@tA=\toks36
\tx@tB=\toks37
\tx@su=\read2
amsthm NOT loaded
LaTeX Font Info:    Redeclaring symbol font `operators' on input line 393.
LaTeX Font Info:    Overwriting symbol font `operators' in version `normal'
(Font)                  OT1/cmr/m/n --> OT1/minntx/m/n on input line 393.
LaTeX Font Info:    Overwriting symbol font `operators' in version `bold'
(Font)                  OT1/cmr/bx/n --> OT1/minntx/m/n on input line 393.
LaTeX Font Info:    Overwriting symbol font `operators' in version `bold'
(Font)                  OT1/minntx/m/n --> OT1/minntx/b/n on input line 394.
LaTeX Font Info:    Redeclaring math alphabet \mathsf on input line 401.
LaTeX Font Info:    Overwriting math alphabet `\mathsf' in version `normal'
(Font)                  OT1/cmss/m/n --> OT1/qhv/m/n on input line 401.
LaTeX Font Info:    Overwriting math alphabet `\mathsf' in version `bold'
(Font)                  OT1/cmss/bx/n --> OT1/qhv/m/n on input line 401.
LaTeX Font Info:    Overwriting math alphabet `\mathsf' in version `bold'
(Font)                  OT1/qhv/m/n --> OT1/qhv/b/n on input line 403.
LaTeX Font Info:    Redeclaring math alphabet \mathit on input line 410.
LaTeX Font Info:    Overwriting math alphabet `\mathit' in version `normal'
(Font)                  OT1/cmr/m/it --> OT1/minntx/m/it on input line 410.
LaTeX Font Info:    Overwriting math alphabet `\mathit' in version `bold'
(Font)                  OT1/cmr/bx/it --> OT1/minntx/m/it on input line 410.
LaTeX Font Info:    Redeclaring math alphabet \mathtt on input line 411.
LaTeX Font Info:    Overwriting math alphabet `\mathtt' in version `normal'
(Font)                  OT1/cmtt/m/n --> OT1/ntxtt/m/n on input line 411.
LaTeX Font Info:    Overwriting math alphabet `\mathtt' in version `bold'
(Font)                  OT1/cmtt/m/n --> OT1/ntxtt/m/n on input line 411.
LaTeX Font Info:    Redeclaring math alphabet \mathbf on input line 413.
LaTeX Font Info:    Overwriting math alphabet `\mathbf' in version `normal'
(Font)                  OT1/cmr/bx/n --> OT1/minntx/b/n on input line 413.
LaTeX Font Info:    Overwriting math alphabet `\mathbf' in version `bold'
(Font)                  OT1/cmr/bx/n --> OT1/minntx/b/n on input line 413.
LaTeX Font Info:    Overwriting math alphabet `\mathit' in version `bold'
(Font)                  OT1/minntx/m/it --> OT1/minntx/b/it on input line 414.
LaTeX Font Info:    Overwriting math alphabet `\mathtt' in version `bold'
(Font)                  OT1/ntxtt/m/n --> OT1/ntxtt/b/n on input line 417.
LaTeX Font Info:    Redeclaring symbol font `letters' on input line 519.
LaTeX Font Info:    Overwriting symbol font `letters' in version `normal'
(Font)                  OML/cmm/m/it --> OML/ntxmi/m/it on input line 519.
LaTeX Font Info:    Overwriting symbol font `letters' in version `bold'
(Font)                  OML/cmm/b/it --> OML/ntxmi/m/it on input line 519.
LaTeX Font Info:    Overwriting symbol font `letters' in version `bold'
(Font)                  OML/ntxmi/m/it --> OML/ntxmi/b/it on input line 520.
\symlettersA=\mathgroup4
LaTeX Font Info:    Overwriting symbol font `lettersA' in version `bold'
(Font)                  U/ntxmia/m/it --> U/ntxmia/b/it on input line 565.
Now handling font encoding LMS ...
... no UTF-8 mapping file for font encoding LMS
LaTeX Font Info:    Redeclaring symbol font `symbols' on input line 587.
LaTeX Font Info:    Encoding `OMS' has changed to `LMS' for symbol font
(Font)              `symbols' in the math version `normal' on input line 587.
LaTeX Font Info:    Overwriting symbol font `symbols' in version `normal'
(Font)                  OMS/cmsy/m/n --> LMS/ntxsy/m/n on input line 587.
LaTeX Font Info:    Encoding `OMS' has changed to `LMS' for symbol font
(Font)              `symbols' in the math version `bold' on input line 587.
LaTeX Font Info:    Overwriting symbol font `symbols' in version `bold'
(Font)                  OMS/cmsy/b/n --> LMS/ntxsy/m/n on input line 587.
LaTeX Font Info:    Overwriting symbol font `symbols' in version `bold'
(Font)                  LMS/ntxsy/m/n --> LMS/ntxsy/b/n on input line 588.
\symAMSm=\mathgroup5
LaTeX Font Info:    Overwriting symbol font `AMSm' in version `bold'
(Font)                  U/ntxsym/m/n --> U/ntxsym/b/n on input line 613.
\symsymbolsC=\mathgroup6
LaTeX Font Info:    Overwriting symbol font `symbolsC' in version `bold'
(Font)                  U/ntxsyc/m/n --> U/ntxsyc/b/n on input line 634.
Now handling font encoding LMX ...
... no UTF-8 mapping file for font encoding LMX
LaTeX Font Info:    Redeclaring symbol font `largesymbols' on input line 647.
LaTeX Font Info:    Encoding `OMX' has changed to `LMX' for symbol font
(Font)              `largesymbols' in the math version `normal' on input line 6
47.
LaTeX Font Info:    Overwriting symbol font `largesymbols' in version `normal'
(Font)                  OMX/cmex/m/n --> LMX/ntxexx/m/n on input line 647.
LaTeX Font Info:    Encoding `OMX' has changed to `LMX' for symbol font
(Font)              `largesymbols' in the math version `bold' on input line 647
.
LaTeX Font Info:    Overwriting symbol font `largesymbols' in version `bold'
(Font)                  OMX/cmex/m/n --> LMX/ntxexx/m/n on input line 647.
LaTeX Font Info:    Overwriting symbol font `largesymbols' in version `bold'
(Font)                  LMX/ntxexx/m/n --> LMX/ntxexx/b/n on input line 648.
\symlargesymbolsTXA=\mathgroup7
LaTeX Font Info:    Overwriting symbol font `largesymbolsTXA' in version `bold'

(Font)                  U/ntxexa/m/n --> U/ntxexa/b/n on input line 662.
\tx@sbptoks=\toks38
LaTeX Font Info:    Redeclaring math delimiter \lfloor on input line 885.
LaTeX Font Info:    Redeclaring math delimiter \rfloor on input line 886.
LaTeX Font Info:    Redeclaring math delimiter \lceil on input line 887.
LaTeX Font Info:    Redeclaring math delimiter \rceil on input line 888.
LaTeX Font Info:    Redeclaring math delimiter \lbrace on input line 893.
LaTeX Font Info:    Redeclaring math delimiter \rbrace on input line 894.
LaTeX Font Info:    Redeclaring math delimiter \langle on input line 896.
LaTeX Font Info:    Redeclaring math delimiter \rangle on input line 898.
LaTeX Font Info:    Redeclaring math delimiter \arrowvert on input line 902.
LaTeX Font Info:    Redeclaring math delimiter \vert on input line 903.
LaTeX Font Info:    Redeclaring math symbol \hbar on input line 949.
LaTeX Font Info:    Redeclaring math accent \dot on input line 974.
LaTeX Font Info:    Redeclaring math accent \ddot on input line 975.
LaTeX Font Info:    Redeclaring math accent \vec on input line 2048.
LaTeX Info: Redefining \Bbbk on input line 2838.
LaTeX Info: Redefining \not on input line 2986.
LaTeX Info: Redefining \textsquare on input line 3016.
LaTeX Info: Redefining \openbox on input line 3018.
)
LaTeX Font Info:    Trying to load font information for OT1+ntxtlf on input lin
e 31.

(/home/vincent/.miktex/texmfs/install/tex/latex/newtx/ot1ntxtlf.fd
File: ot1ntxtlf.fd 2021/05/24 v1.0 font definition file for OT1/ntx/tlf
)
LaTeX Font Info:    Font shape `OT1/ntxtlf/m/n' will be
(Font)              scaled to size 10.0pt on input line 31.
 (content.aux

LaTeX Warning: Label `sec:1' multiply defined.

)
\openout1 = `content.aux'.

LaTeX Font Info:    Checking defaults for OML/ntxmi/m/it on input line 31.
LaTeX Font Info:    Trying to load font information for OML+ntxmi on input line
 31.

(/home/vincent/.miktex/texmfs/install/tex/latex/newtx/omlntxmi.fd
File: omlntxmi.fd 2015/08/25 Fontinst v1.933 font definitions for OML/ntxmi.
)
LaTeX Font Info:    ... okay on input line 31.
LaTeX Font Info:    Checking defaults for OMS/cmsy/m/n on input line 31.
LaTeX Font Info:    ... okay on input line 31.
LaTeX Font Info:    Checking defaults for OT1/cmr/m/n on input line 31.
LaTeX Font Info:    ... okay on input line 31.
LaTeX Font Info:    Checking defaults for T1/cmr/m/n on input line 31.
LaTeX Font Info:    ... okay on input line 31.
LaTeX Font Info:    Checking defaults for TS1/cmr/m/n on input line 31.
LaTeX Font Info:    ... okay on input line 31.
LaTeX Font Info:    Checking defaults for OMX/cmex/m/n on input line 31.
LaTeX Font Info:    ... okay on input line 31.
LaTeX Font Info:    Checking defaults for U/ntxexa/m/n on input line 31.
LaTeX Font Info:    Trying to load font information for U+ntxexa on input line 
31.

(/home/vincent/.miktex/texmfs/install/tex/latex/newtx/untxexa.fd
File: untxexa.fd 2012/04/16 Fontinst v1.933 font definitions for U/ntxexa.
)
LaTeX Font Info:    ... okay on input line 31.
LaTeX Font Info:    Checking defaults for LMS/ntxsy/m/n on input line 31.
LaTeX Font Info:    Trying to load font information for LMS+ntxsy on input line
 31.

(/home/vincent/.miktex/texmfs/install/tex/latex/newtx/lmsntxsy.fd
File: lmsntxsy.fd 2016/07/02 Fontinst v1.933 font definitions for LMS/ntxsy.
)
LaTeX Font Info:    ... okay on input line 31.
LaTeX Font Info:    Checking defaults for LMX/ntxexx/m/n on input line 31.
LaTeX Font Info:    Trying to load font information for LMX+ntxexx on input lin
e 31.

(/home/vincent/.miktex/texmfs/install/tex/latex/newtx/lmxntxexx.fd
File: lmxntxexx.fd 2016/07/03 Fontinst v1.933 font definitions for LMX/ntxexx.
)
LaTeX Font Info:    ... okay on input line 31.

(/home/vincent/.miktex/texmfs/install/tex/context/base/mkii/supp-pdf.mkii
[Loading MPS to PDF converter (version 2006.09.02).]
\scratchcounter=\count314
\scratchdimen=\dimen260
\scratchbox=\box103
\nofMPsegments=\count315
\nofMParguments=\count316
\everyMPshowfont=\toks39
\MPscratchCnt=\count317
\MPscratchDim=\dimen261
\MPnumerator=\count318
\makeMPintoPDFobject=\count319
\everyMPtoPDFconversion=\toks40
)
(/home/vincent/.miktex/texmfs/install/tex/latex/epstopdf-pkg/epstopdf-base.sty
Package: epstopdf-base 2020-01-24 v2.11 Base part for package epstopdf

(/home/vincent/.miktex/texmfs/install/tex/generic/infwarerr/infwarerr.sty
Package: infwarerr 2019/12/03 v1.5 Providing info/warning/error messages (HO)
)
(/home/vincent/.miktex/texmfs/install/tex/latex/grfext/grfext.sty
Package: grfext 2019/12/03 v1.3 Manage graphics extensions (HO)

(/home/vincent/.miktex/texmfs/install/tex/generic/kvdefinekeys/kvdefinekeys.sty
Package: kvdefinekeys 2019-12-19 v1.6 Define keys (HO)
))
(/home/vincent/.miktex/texmfs/install/tex/latex/kvoptions/kvoptions.sty
Package: kvoptions 2022-06-15 v3.15 Key value format for package options (HO)

(/home/vincent/.miktex/texmfs/install/tex/generic/ltxcmds/ltxcmds.sty
Package: ltxcmds 2020-05-10 v1.25 LaTeX kernel commands for general use (HO)
)
(/home/vincent/.miktex/texmfs/install/tex/latex/kvsetkeys/kvsetkeys.sty
Package: kvsetkeys 2022-10-05 v1.19 Key value parser (HO)
))
(/home/vincent/.miktex/texmfs/install/tex/generic/pdftexcmds/pdftexcmds.sty
Package: pdftexcmds 2020-06-27 v0.33 Utility functions of pdfTeX for LuaTeX (HO
)
Package pdftexcmds Info: \pdf@primitive is available.
Package pdftexcmds Info: \pdf@ifprimitive is available.
Package pdftexcmds Info: \pdfdraftmode found.
)
Package epstopdf-base Info: Redefining graphics rule for `.eps' on input line 4
85.
Package grfext Info: Graphics extension search list:
(grfext)             [.pdf,.png,.jpg,.mps,.jpeg,.jbig2,.jb2,.PDF,.PNG,.JPG,.JPE
G,.JBIG2,.JB2,.eps]
(grfext)             \AppendGraphicsExtensions on input line 504.

(/home/vincent/.miktex/texmfs/install/tex/latex/00miktex/epstopdf-sys.cfg
File: epstopdf-sys.cfg 2021/03/18 v2.0 Configuration of epstopdf for MiKTeX
))
\c@mv@tabular=\count320
\c@mv@boldtabular=\count321
LaTeX Info: Command `\dddot' is already robust on input line 31.
LaTeX Info: Command `\ddddot' is already robust on input line 31.
LaTeX Font Info:    Font shape `OT1/ntxtlf/m/n' will be
(Font)              scaled to size 8.5pt on input line 47.
 [1{/home/vincent/.miktex/texmfs/data/fonts/map/pdftex/pdftex.map}{/home/vincen
t/.miktex/texmfs/install/fonts/enc/dvips/newtx/ntx-ot1-tlf.enc}

] [2


]
LaTeX Font Info:    Font shape `OT1/ntxtlf/m/n' will be
(Font)              scaled to size 14.0pt on input line 47.
LaTeX Font Info:    Font shape `OT1/ntxtlf/b/n' will be
(Font)              scaled to size 14.0pt on input line 47.
LaTeX Font Info:    Font shape `OT1/ntxtlf/b/n' will be
(Font)              scaled to size 16.0pt on input line 47.
LaTeX Font Info:    Trying to load font information for OT1+minntx on input lin
e 47.

(/home/vincent/.miktex/texmfs/install/tex/latex/newtx/ot1minntx.fd
File: ot1minntx.fd 2023/09/09 v1.1 font definition file for OT1/minntx
)
LaTeX Font Info:    Trying to load font information for U+ntxmia on input line 
47.

(/home/vincent/.miktex/texmfs/install/tex/latex/newtx/untxmia.fd
File: untxmia.fd 2018/04/14 Fontinst v1.933 font definitions for U/ntxmia.
)
LaTeX Font Info:    Trying to load font information for U+ntxsym on input line 
47.

(/home/vincent/.miktex/texmfs/install/tex/latex/newtx/untxsym.fd
File: untxsym.fd 2023/08/16 Fontinst v1.933 font definitions for U/ntxsym.
)
LaTeX Font Info:    Trying to load font information for U+ntxsyc on input line 
47.

(/home/vincent/.miktex/texmfs/install/tex/latex/newtx/untxsyc.fd
File: untxsyc.fd 2012/04/12 Fontinst v1.933 font definitions for U/ntxsyc.
)
LaTeX Font Info:    Calculating math sizes for size <8.5> on input line 47.
LaTeX Font Info:    Font shape `OT1/ntxtlf/b/n' will be
(Font)              scaled to size 10.0pt on input line 71.
LaTeX Font Info:    Font shape `OT1/ntxtlf/m/n' will be
(Font)              scaled to size 12.0pt on input line 75.
LaTeX Font Info:    Font shape `OT1/ntxtlf/b/n' will be
(Font)              scaled to size 12.0pt on input line 75.
 [3]
! Undefined control sequence.
l.100 \tightlist
                
The control sequence at the end of the top line
of your error message was never \def'ed. If you have
misspelled it (e.g., `\hobx'), type `I' and the correct
spelling (e.g., `I\hbox'). Otherwise just continue,
and I'll forget about whatever was undefined.

LaTeX Font Info:    Trying to load font information for TS1+ntxtlf on input lin
e 102.

(/home/vincent/.miktex/texmfs/install/tex/latex/newtx/ts1ntxtlf.fd
File: ts1ntxtlf.fd 2015/01/18 v1.0 fd file for TS1/ntxtlf
)
LaTeX Font Info:    Font shape `TS1/ntxtlf/m/n' will be
(Font)              scaled to size 10.0pt on input line 102.
LaTeX Font Info:    Font shape `OT1/ntxtlf/m/n' will be
(Font)              scaled to size 11.0pt on input line 116.
LaTeX Font Info:    Font shape `OT1/ntxtlf/b/n' will be
(Font)              scaled to size 11.0pt on input line 116.
! Too many }'s.
l.116 ...gnettes}\label{r-packages-and-vignettes}}
                                                  
You've closed more groups than you opened.
Such booboos are generally harmless, so keep going.

! Undefined control sequence.
l.122 \href
           {https://cran.r-project.org/doc/manuals/R-exts.html}{Writing R Ex...
The control sequence at the end of the top line
of your error message was never \def'ed. If you have
misspelled it (e.g., `\hobx'), type `I' and the correct
spelling (e.g., `I\hbox'). Otherwise just continue,
and I'll forget about whatever was undefined.

LaTeX Font Info:    Trying to load font information for OT1+ntxtt on input line
 124.

(/home/vincent/.miktex/texmfs/install/tex/latex/newtx/ot1ntxtt.fd
File: ot1ntxtt.fd 2012/04/20 v3.1
)
LaTeX Font Info:    Font shape `OT1/ntxtt/m/n' will be
(Font)              scaled to size 10.0pt on input line 124.
! Too many }'s.
l.143 ...ckage-repositories-repository-evolution}}
                                                  
You've closed more groups than you opened.
Such booboos are generally harmless, so keep going.

 [4{/home/vincent/.miktex/texmfs/install/fonts/enc/dvips/tex-gyre/q-ts1.enc}]
! Too many }'s.
l.165 ...ity-assessment-installation-consistency}}
                                                  
You've closed more groups than you opened.
Such booboos are generally harmless, so keep going.

! Too many }'s.
l.181 ...izedexperiment-and-multiassayexperiment}}
                                                  
You've closed more groups than you opened.
Such booboos are generally harmless, so keep going.

<SEschema.png, id=20, 522.95375pt x 456.70625pt>
File: SEschema.png Graphic file (type png)
<use SEschema.png>
Package pdftex.def Info: SEschema.png  used on input line 191.
(pdftex.def)             Requested size: 266.31879pt x 232.5826pt.
LaTeX Font Info:    Font shape `OT1/ntxtlf/b/n' will be
(Font)              scaled to size 8.5pt on input line 191.
<MAEschema.png, id=22, 363.3575pt x 330.23375pt>
File: MAEschema.png Graphic file (type png)
<use MAEschema.png>
Package pdftex.def Info: MAEschema.png  used on input line 201.
(pdftex.def)             Requested size: 266.31879pt x 242.04617pt.

LaTeX Warning: Reference `class' on page 5 undefined on input line 204.

! Too many }'s.
l.206 ...omics data and annotations}\label{cache}}
                                                  
You've closed more groups than you opened.
Such booboos are generally harmless, so keep going.

 [5] [6 <./SEschema.png> <./MAEschema.png>]
Overfull \hbox (62.35165pt too wide) in paragraph at lines 265--265
 []\OT1/ntxtt/m/n/10 #   coordinate_1_based, maintainer, rdatadateadded, prepar
erclass, tags,}[] 
 []

 [7]
LaTeX Font Info:    Font shape `OT1/ntxtlf/m/it' will be
(Font)              scaled to size 10.0pt on input line 289.
LaTeX Font Info:    Font shape `OT1/ntxtlf/m/n' will be
(Font)              scaled to size 7.3pt on input line 291.
LaTeX Font Info:    Font shape `OT1/ntxtlf/m/n' will be
(Font)              scaled to size 6.20496pt on input line 310.
LaTeX Font Info:    Font shape `OT1/ntxtt/m/n' will be
(Font)              scaled to size 8.5pt on input line 310.
LaTeX Font Info:    Font shape `OT1/ntxtlf/b/it' will be
(Font)              scaled to size 8.5pt on input line 310.
 [8]
LaTeX Font Info:    Font shape `OT1/ntxtlf/m/it' will be
(Font)              scaled to size 8.5pt on input line 331.
Package epstopdf Info: Source file: <figure.eps>
(epstopdf)                    date: 2017-12-13 12:51:54
(epstopdf)                    size: 62739 bytes
(epstopdf)             Output file: <figure-eps-converted-to.pdf>
(epstopdf)                    date: 2024-04-24 06:54:18
(epstopdf)                    size: 13826 bytes
(epstopdf)             Command: <miktex-epstopdf --outfile=figure-eps-converted
-to.pdf figure.eps>
(epstopdf)             \includegraphics on input line 347.
Package epstopdf Info: Output file is already uptodate.
<figure-eps-converted-to.pdf, id=44, 139.52126pt x 195.73125pt>
File: figure-eps-converted-to.pdf Graphic file (type pdf)
<use figure-eps-converted-to.pdf>
Package pdftex.def Info: figure-eps-converted-to.pdf  used on input line 347.
(pdftex.def)             Requested size: 90.68773pt x 127.22379pt.
 [9 <./figure-eps-converted-to.pdf>]
Package epstopdf Info: Source file: <figure.eps>
(epstopdf)                    date: 2017-12-13 12:51:54
(epstopdf)                    size: 62739 bytes
(epstopdf)             Output file: <figure-eps-converted-to.pdf>
(epstopdf)                    date: 2024-04-24 06:54:18
(epstopdf)                    size: 13826 bytes
(epstopdf)             Command: <miktex-epstopdf --outfile=figure-eps-converted
-to.pdf figure.eps>
(epstopdf)             \includegraphics on input line 393.
Package epstopdf Info: Output file is already uptodate.
File: figure-eps-converted-to.pdf Graphic file (type pdf)
<use figure-eps-converted-to.pdf>
Package pdftex.def Info: figure-eps-converted-to.pdf  used on input line 393.
(pdftex.def)             Requested size: 90.68773pt x 127.22379pt.
LaTeX Font Info:    Font shape `OT1/ntxtlf/b/it' will be
(Font)              scaled to size 10.0pt on input line 399.
 [10]
Overfull \hbox (0.61853pt too wide) in paragraph at lines 412--423
[][]
 []

 [11]
Overfull \hbox (3.0pt too wide) detected at line 497
 [] 
 []

 [12]
LaTeX Font Info:    Font shape `TS1/ntxtlf/b/n' will be
(Font)              scaled to size 10.0pt on input line 504.
LaTeX Font Info:    Trying to load font information for OT1+qhv on input line 5
04.

(/home/vincent/.miktex/texmfs/install/tex/latex/tex-gyre/ot1qhv.fd
File: ot1qhv.fd 2009/09/25 v1.2 font definition file for OT1/qhv
)
LaTeX Font Info:    Font shape `OT1/qhv/m/n' will be
(Font)              scaled to size 9.40002pt on input line 504.
LaTeX Font Info:    Font shape `OT1/qhv/b/n' will be
(Font)              scaled to size 9.40002pt on input line 504.

Overfull \hbox (3.0pt too wide) detected at line 504
 [] 
 []

 [13{/home/vincent/.miktex/texmfs/install/fonts/enc/dvips/tex-gyre/q-rm.enc}]
Overfull \hbox (3.0pt too wide) detected at line 511
 [] 
 []


Overfull \hbox (3.0pt too wide) detected at line 518
 [] 
 []


Overfull \hbox (3.0pt too wide) detected at line 525
 [] 
 []


Overfull \hbox (3.0pt too wide) detected at line 537
 [] 
 []

 [14]
Overfull \hbox (3.0pt too wide) detected at line 545
 [] 
 []


Overfull \hbox (3.0pt too wide) detected at line 551
 [] 
 []


Overfull \hbox (3.0pt too wide) detected at line 562
 [] 
 []

 [15] (newrefs.tex
Underfull \hbox (badness 1742) in paragraph at lines 19--20
[]\OT1/minntx/m/n/8.5 Cavalcante, Ray-mond G, and Mau-reen A Sar-tor. 2017. ``A
n-no-tatr: Ge-nomic Re-
 []


Underfull \hbox (badness 1755) in paragraph at lines 19--20
\OT1/minntx/m/n/8.5 gions in Con-text.'' Edited by Al-fonso Va-len-cia. \OT1/nt
xtlf/m/it/8.5 Bioin-for-mat-ics \OT1/minntx/m/n/8.5 33 (15): 2381--3.
 []

 [16]
Underfull \hbox (badness 10000) in paragraph at lines 31--32
[]\OT1/minntx/m/n/8.5 ``Immune Check-point In-hibitors.'' 2022. https://www.can
cer.gov/about-
 []


Underfull \hbox (badness 1082) in paragraph at lines 67--68
[]\OT1/minntx/m/n/8.5 Silva, Tiago C., Si-mon G. Co-et-zee, Nicole Gull, Li-jin
g Yao, Den-nis J. Hazelett,
 []

 [17]
Underfull \hbox (badness 1708) in paragraph at lines 73--74
[]\OT1/minntx/m/n/8.5 Tian, Luyi, Shian Su, Xueyi Dong, Daniela Amann-Zalcenste
in, Chris-tine Biben,
 []

) [18] (content.aux)
 ***********
LaTeX2e <2023-11-01>
L3 programming layer <2020/03/25>
 ***********

LaTeX Warning: There were undefined references.


LaTeX Warning: There were multiply-defined labels.

 ) 
Here is how much of TeX's memory you used:
 8922 strings out of 477291
 130211 string characters out of 5810282
 1931240 words of memory out of 5000000
 29885 multiletter control sequences out of 15000+600000
 616232 words of font info for 140 fonts, out of 8000000 for 9000
 14 hyphenation exceptions out of 8191
 80i,12n,93p,710b,349s stack positions out of 10000i,1000n,20000p,200000b,200000s
</home/vincent/.miktex/texmfs/install/fonts/type1/public/newtx/NewTXMI.pfb></
home/vincent/.miktex/texmfs/install/fonts/type1/public/newtx/NewTXMI5.pfb></hom
e/vincent/.miktex/texmfs/install/fonts/type1/public/newtx/NewTXMI7.pfb></home/v
incent/.miktex/texmfs/install/fonts/type1/public/amsfonts/cm/cmr10.pfb></home/v
incent/.miktex/texmfs/install/fonts/type1/public/tex-gyre/qhvb.pfb></home/vince
nt/.miktex/texmfs/install/fonts/type1/public/tex-gyre/qtmb.pfb></home/vincent/.
miktex/texmfs/install/fonts/type1/public/tex-gyre/qtmr.pfb></home/vincent/.mikt
ex/texmfs/install/fonts/type1/public/newtx/txexs.pfb></home/vincent/.miktex/tex
mfs/install/fonts/type1/public/newtx/txmiaX.pfb></home/vincent/.miktex/texmfs/i
nstall/fonts/type1/public/newtx/txsys.pfb></home/vincent/.miktex/texmfs/install
/fonts/type1/public/txfonts/txtt.pfb></home/vincent/.miktex/texmfs/install/font
s/type1/public/newtx/ztmb.pfb></home/vincent/.miktex/texmfs/install/fonts/type1
/public/newtx/ztmbi.pfb></home/vincent/.miktex/texmfs/install/fonts/type1/publi
c/newtx/ztmr.pfb></home/vincent/.miktex/texmfs/install/fonts/type1/public/newtx
/ztmri.pfb>
Output written on content.pdf (18 pages, 386139 bytes).
PDF statistics:
 145 PDF objects out of 1000 (max. 8388607)
 0 named destinations out of 1000 (max. 500000)
 16 words of extra memory for PDF output out of 10000 (max. 10000000)

